This file contains any messages produced by compilers while
running configure, to aid debugging if configure makes a mistake.

It was created by configure, which was
generated by GNU Autoconf 2.59.  Invocation command line was

  $ ./configure 

## --------- ##
## Platform. ##
## --------- ##

hostname = goodgamers-ro.com
uname -m = i686
uname -r = 2.6.32-042stab049.6
uname -s = Linux
uname -v = #1 SMP Mon Feb 6 19:17:43 MSK 2012

/usr/bin/uname -p = unknown
/bin/uname -X     = unknown

/bin/arch              = i686
/usr/bin/arch -k       = unknown
/usr/convex/getsysinfo = unknown
hostinfo               = unknown
/bin/machine           = unknown
/usr/bin/oslevel       = unknown
/bin/universe          = unknown

PATH: /sbin
PATH: /usr/sbin
PATH: /bin
PATH: /usr/bin


## ----------- ##
## Core tests. ##
## ----------- ##

configure:1583: checking whether make sets $(MAKE)
configure:1603: result: yes
configure:1658: checking for gcc
configure:1674: found /usr/bin/gcc
configure:1684: result: gcc
configure:1928: checking for C compiler version
configure:1931: gcc --version </dev/null >&5
gcc (GCC) 4.1.2 20080704 (Red Hat 4.1.2-52)
Copyright (C) 2006 Free Software Foundation, Inc.
This is free software; see the source for copying conditions.  There is NO
warranty; not even for MERCHANTABILITY or FITNESS FOR A PARTICULAR PURPOSE.

configure:1934: $? = 0
configure:1936: gcc -v </dev/null >&5
Using built-in specs.
Target: i386-redhat-linux
Configured with: ../configure --prefix=/usr --mandir=/usr/share/man --infodir=/usr/share/info --enable-shared --enable-threads=posix --enable-checking=release --with-system-zlib --enable-__cxa_atexit --disable-libunwind-exceptions --enable-libgcj-multifile --enable-languages=c,c++,objc,obj-c++,java,fortran,ada --enable-java-awt=gtk --disable-dssi --disable-plugin --with-java-home=/usr/lib/jvm/java-1.4.2-gcj-1.4.2.0/jre --with-cpu=generic --host=i386-redhat-linux
Thread model: posix
gcc version 4.1.2 20080704 (Red Hat 4.1.2-52)
configure:1939: $? = 0
configure:1941: gcc -V </dev/null >&5
gcc: '-V' option must have argument
configure:1944: $? = 1
configure:1967: checking for C compiler default output file name
configure:1970: gcc    conftest.c  >&5
configure:1973: $? = 0
configure:2019: result: a.out
configure:2024: checking whether the C compiler works
configure:2030: ./a.out
configure:2033: $? = 0
configure:2050: result: yes
configure:2057: checking whether we are cross compiling
configure:2059: result: no
configure:2062: checking for suffix of executables
configure:2064: gcc -o conftest    conftest.c  >&5
configure:2067: $? = 0
configure:2092: result: 
configure:2098: checking for suffix of object files
configure:2119: gcc -c   conftest.c >&5
configure:2122: $? = 0
configure:2144: result: o
configure:2148: checking whether we are using the GNU C compiler
configure:2172: gcc -c   conftest.c >&5
configure:2178: $? = 0
configure:2182: test -z 
			 || test ! -s conftest.err
configure:2185: $? = 0
configure:2188: test -s conftest.o
configure:2191: $? = 0
configure:2204: result: yes
configure:2210: checking whether gcc accepts -g
configure:2231: gcc -c -g  conftest.c >&5
configure:2237: $? = 0
configure:2241: test -z 
			 || test ! -s conftest.err
configure:2244: $? = 0
configure:2247: test -s conftest.o
configure:2250: $? = 0
configure:2261: result: yes
configure:2278: checking for gcc option to accept ANSI C
configure:2348: gcc  -c -g -O2  conftest.c >&5
configure:2354: $? = 0
configure:2358: test -z 
			 || test ! -s conftest.err
configure:2361: $? = 0
configure:2364: test -s conftest.o
configure:2367: $? = 0
configure:2385: result: none needed
configure:2403: gcc -c -g -O2  conftest.c >&5
conftest.c:2: error: expected '=', ',', ';', 'asm' or '__attribute__' before 'me'
configure:2409: $? = 1
configure: failed program was:
| #ifndef __cplusplus
|   choke me
| #endif
configure:2547: checking how to run the C preprocessor
configure:2582: gcc -E  conftest.c
configure:2588: $? = 0
configure:2620: gcc -E  conftest.c
conftest.c:9:28: error: ac_nonexistent.h: No such file or directory
configure:2626: $? = 1
configure: failed program was:
| /* confdefs.h.  */
| 
| #define PACKAGE_NAME ""
| #define PACKAGE_TARNAME ""
| #define PACKAGE_VERSION ""
| #define PACKAGE_STRING ""
| #define PACKAGE_BUGREPORT ""
| /* end confdefs.h.  */
| #include <ac_nonexistent.h>
configure:2665: result: gcc -E
configure:2689: gcc -E  conftest.c
configure:2695: $? = 0
configure:2727: gcc -E  conftest.c
conftest.c:9:28: error: ac_nonexistent.h: No such file or directory
configure:2733: $? = 1
configure: failed program was:
| /* confdefs.h.  */
| 
| #define PACKAGE_NAME ""
| #define PACKAGE_TARNAME ""
| #define PACKAGE_VERSION ""
| #define PACKAGE_STRING ""
| #define PACKAGE_BUGREPORT ""
| /* end confdefs.h.  */
| #include <ac_nonexistent.h>
configure:2789: checking whether byte ordering is bigendian
configure:2816: gcc -c -g -O2 -pipe -ffast-math -Wall -Wno-sign-compare  -I../common conftest.c >&5
configure:2822: $? = 0
configure:2826: test -z 
			 || test ! -s conftest.err
configure:2829: $? = 0
configure:2832: test -s conftest.o
configure:2835: $? = 0
configure:2859: gcc -c -g -O2 -pipe -ffast-math -Wall -Wno-sign-compare  -I../common conftest.c >&5
conftest.c: In function 'main':
conftest.c:16: error: 'not' undeclared (first use in this function)
conftest.c:16: error: (Each undeclared identifier is reported only once
conftest.c:16: error: for each function it appears in.)
conftest.c:16: error: expected ';' before 'big'
configure:2865: $? = 1
configure: failed program was:
| /* confdefs.h.  */
| 
| #define PACKAGE_NAME ""
| #define PACKAGE_TARNAME ""
| #define PACKAGE_VERSION ""
| #define PACKAGE_STRING ""
| #define PACKAGE_BUGREPORT ""
| /* end confdefs.h.  */
| #include <sys/types.h>
| #include <sys/param.h>
| 
| int
| main ()
| {
| #if BYTE_ORDER != BIG_ENDIAN
|  not big endian
| #endif
| 
|   ;
|   return 0;
| }
configure:3000: result: no
configure:3018: checking whether pointers can be stored in ints (old code)
configure:3037: gcc -c -g -O2 -pipe -ffast-math -Wall -Wno-sign-compare  -I../common conftest.c >&5
conftest.c:9: warning: 'test_array' defined but not used
configure:3043: $? = 0
configure:3047: test -z 
			 || test ! -s conftest.err
configure:3050: $? = 0
configure:3053: test -s conftest.o
configure:3056: $? = 0
configure:3117: result: yes
configure:3127: checking whether gcc supports -Wno-unused-parameter
configure:3135: gcc -c -g -O2 -pipe -ffast-math -Wall -Wno-sign-compare -Wno-unused-parameter  -I../common conftest.c >&5
configure:3141: $? = 0
configure:3145: test -z 
			 || test ! -s conftest.err
configure:3148: $? = 0
configure:3151: test -s conftest.o
configure:3154: $? = 0
configure:3156: result: yes
configure:3172: checking whether gcc supports -Wno-pointer-sign
configure:3180: gcc -c -g -O2 -pipe -ffast-math -Wall -Wno-sign-compare -Wno-unused-parameter -Wno-pointer-sign  -I../common conftest.c >&5
configure:3186: $? = 0
configure:3190: test -z 
			 || test ! -s conftest.err
configure:3193: $? = 0
configure:3196: test -s conftest.o
configure:3199: $? = 0
configure:3202: result: yes
configure:3204: checking whether gcc can actually use -Wno-pointer-sign
configure:3213: gcc -c -g -O2 -pipe -ffast-math -Wall -Wno-sign-compare -Wno-unused-parameter -Werror -Wno-pointer-sign  -I../common conftest.c >&5
configure:3219: $? = 0
configure:3223: test -z 
			 || test ! -s conftest.err
configure:3226: $? = 0
configure:3229: test -s conftest.o
configure:3232: $? = 0
configure:3235: result: yes
configure:3266: checking whether gcc supports -Wno-switch
configure:3274: gcc -c -g -O2 -pipe -ffast-math -Wall -Wno-sign-compare -Wno-unused-parameter -Wno-pointer-sign -Wno-switch  -I../common conftest.c >&5
configure:3280: $? = 0
configure:3284: test -z 
			 || test ! -s conftest.err
configure:3287: $? = 0
configure:3290: test -s conftest.o
configure:3293: $? = 0
configure:3295: result: yes
configure:3311: checking whether gcc supports -fPIC
configure:3319: gcc -c -g -O2 -pipe -ffast-math -Wall -Wno-sign-compare -Wno-unused-parameter -Wno-pointer-sign -Wno-switch -fPIC  -I../common conftest.c >&5
configure:3325: $? = 0
configure:3329: test -z 
			 || test ! -s conftest.err
configure:3332: $? = 0
configure:3335: test -s conftest.o
configure:3338: $? = 0
configure:3341: result: yes
configure:3364: checking whether gcc needs -fPIC for shared objects
configure:3378: gcc -o conftest -g -O2 -pipe -ffast-math -Wall -Wno-sign-compare -Wno-unused-parameter -Wno-pointer-sign -Wno-switch -shared  -I../common  conftest.c  >&5
configure:3384: $? = 0
configure:3388: test -z 
			 || test ! -s conftest.err
configure:3391: $? = 0
configure:3394: test -s conftest
configure:3397: $? = 0
configure:3400: result: no
configure:3481: checking whether gcc supports -fno-strict-aliasing
configure:3489: gcc -c -g -O2 -pipe -ffast-math -Wall -Wno-sign-compare -Wno-unused-parameter -Wno-pointer-sign -Wno-switch -fno-strict-aliasing  -I../common conftest.c >&5
configure:3495: $? = 0
configure:3499: test -z 
			 || test ! -s conftest.err
configure:3502: $? = 0
configure:3505: test -s conftest.o
configure:3508: $? = 0
configure:3510: result: yes
configure:3534: checking for setrlimit
configure:3591: gcc -o conftest -g -O2 -pipe -ffast-math -Wall -Wno-sign-compare -Wno-unused-parameter -Wno-pointer-sign -Wno-switch -fno-strict-aliasing  -I../common  conftest.c  >&5
configure:3597: $? = 0
configure:3601: test -z 
			 || test ! -s conftest.err
configure:3604: $? = 0
configure:3607: test -s conftest
configure:3610: $? = 0
configure:3622: result: yes
configure:3633: checking for strnlen
configure:3690: gcc -o conftest -g -O2 -pipe -ffast-math -Wall -Wno-sign-compare -Wno-unused-parameter -Wno-pointer-sign -Wno-switch -fno-strict-aliasing -DHAVE_SETRLIMIT  -I../common  conftest.c  >&5
configure:3696: $? = 0
configure:3700: test -z 
			 || test ! -s conftest.err
configure:3703: $? = 0
configure:3706: test -s conftest
configure:3709: $? = 0
configure:3721: result: yes
configure:4508: checking for inflateEnd in -lz
configure:4538: gcc -o conftest -g -O2 -pipe -ffast-math -Wall -Wno-sign-compare -Wno-unused-parameter -Wno-pointer-sign -Wno-switch -fno-strict-aliasing -DHAVE_SETRLIMIT -DHAVE_STRNLEN -Wno-unused -Wno-parentheses  -I../common -I/usr/include  -L/usr/lib conftest.c -lz   >&5
configure:4544: $? = 0
configure:4548: test -z 
			 || test ! -s conftest.err
configure:4551: $? = 0
configure:4554: test -s conftest
configure:4557: $? = 0
configure:4570: result: yes
configure:4595: checking zlib.h usability
configure:4607: gcc -c -g -O2 -pipe -ffast-math -Wall -Wno-sign-compare -Wno-unused-parameter -Wno-pointer-sign -Wno-switch -fno-strict-aliasing -DHAVE_SETRLIMIT -DHAVE_STRNLEN -Wno-unused -Wno-parentheses  -I../common -I/usr/include conftest.c >&5
configure:4613: $? = 0
configure:4617: test -z 
			 || test ! -s conftest.err
configure:4620: $? = 0
configure:4623: test -s conftest.o
configure:4626: $? = 0
configure:4636: result: yes
configure:4640: checking zlib.h presence
configure:4650: gcc -E  -I../common -I/usr/include conftest.c
configure:4656: $? = 0
configure:4676: result: yes
configure:4711: checking for zlib.h
configure:4718: result: yes
configure:4736: checking for library containing sqrt
configure:4766: gcc -o conftest -g -O2 -pipe -ffast-math -Wall -Wno-sign-compare -Wno-unused-parameter -Wno-pointer-sign -Wno-switch -fno-strict-aliasing -DHAVE_SETRLIMIT -DHAVE_STRNLEN -Wno-unused -Wno-parentheses  -I../common -I/usr/include  -L/usr/lib conftest.c -lz  >&5
conftest.c:17: warning: conflicting types for built-in function 'sqrt'
/tmp/cceSrazL.o: In function `main':
/root/Desktop/trunk/conftest.c:21: undefined reference to `sqrt'
collect2: ld returned 1 exit status
configure:4772: $? = 1
configure: failed program was:
| /* confdefs.h.  */
| 
| #define PACKAGE_NAME ""
| #define PACKAGE_TARNAME ""
| #define PACKAGE_VERSION ""
| #define PACKAGE_STRING ""
| #define PACKAGE_BUGREPORT ""
| #define HAVE_LIBZ 1
| /* end confdefs.h.  */
| 
| /* Override any gcc2 internal prototype to avoid an error.  */
| #ifdef __cplusplus
| extern "C"
| #endif
| /* We use char because int might match the return type of a gcc2
|    builtin and then its argument prototype would still apply.  */
| char sqrt ();
| int
| main ()
| {
| sqrt ();
|   ;
|   return 0;
| }
configure:4821: gcc -o conftest -g -O2 -pipe -ffast-math -Wall -Wno-sign-compare -Wno-unused-parameter -Wno-pointer-sign -Wno-switch -fno-strict-aliasing -DHAVE_SETRLIMIT -DHAVE_STRNLEN -Wno-unused -Wno-parentheses  -I../common -I/usr/include  -L/usr/lib conftest.c -lm  -lz  >&5
conftest.c:17: warning: conflicting types for built-in function 'sqrt'
configure:4827: $? = 0
configure:4831: test -z 
			 || test ! -s conftest.err
configure:4834: $? = 0
configure:4837: test -s conftest
configure:4840: $? = 0
configure:4855: result: -lm
configure:4871: checking for library containing clock_gettime
configure:4901: gcc -o conftest -g -O2 -pipe -ffast-math -Wall -Wno-sign-compare -Wno-unused-parameter -Wno-pointer-sign -Wno-switch -fno-strict-aliasing -DHAVE_SETRLIMIT -DHAVE_STRNLEN -Wno-unused -Wno-parentheses  -I../common -I/usr/include  -L/usr/lib conftest.c -lm -lz  >&5
/tmp/ccgIbrFP.o: In function `main':
/root/Desktop/trunk/conftest.c:21: undefined reference to `clock_gettime'
collect2: ld returned 1 exit status
configure:4907: $? = 1
configure: failed program was:
| /* confdefs.h.  */
| 
| #define PACKAGE_NAME ""
| #define PACKAGE_TARNAME ""
| #define PACKAGE_VERSION ""
| #define PACKAGE_STRING ""
| #define PACKAGE_BUGREPORT ""
| #define HAVE_LIBZ 1
| /* end confdefs.h.  */
| 
| /* Override any gcc2 internal prototype to avoid an error.  */
| #ifdef __cplusplus
| extern "C"
| #endif
| /* We use char because int might match the return type of a gcc2
|    builtin and then its argument prototype would still apply.  */
| char clock_gettime ();
| int
| main ()
| {
| clock_gettime ();
|   ;
|   return 0;
| }
configure:4956: gcc -o conftest -g -O2 -pipe -ffast-math -Wall -Wno-sign-compare -Wno-unused-parameter -Wno-pointer-sign -Wno-switch -fno-strict-aliasing -DHAVE_SETRLIMIT -DHAVE_STRNLEN -Wno-unused -Wno-parentheses  -I../common -I/usr/include  -L/usr/lib conftest.c -lrt  -lm -lz  >&5
configure:4962: $? = 0
configure:4966: test -z 
			 || test ! -s conftest.err
configure:4969: $? = 0
configure:4972: test -s conftest
configure:4975: $? = 0
configure:4990: result: -lrt
configure:5008: checking whether CLOCK_MONOTONIC is supported and works
configure:5031: gcc -o conftest -g -O2 -pipe -ffast-math -Wall -Wno-sign-compare -Wno-unused-parameter -Wno-pointer-sign -Wno-switch -fno-strict-aliasing -DHAVE_SETRLIMIT -DHAVE_STRNLEN -Wno-unused -Wno-parentheses  -I../common -I/usr/include  -L/usr/lib conftest.c -lrt -lm -lz  >&5
configure:5034: $? = 0
configure:5036: ./conftest
configure:5039: $? = 0
configure:5042: result: yes
configure:5078: checking for mysql_config
configure:5096: found /usr/bin/mysql_config
configure:5109: result: /usr/bin/mysql_config
configure:5132: checking for mysql_init in -lmysqlclient
configure:5162: gcc -o conftest -g -O2 -pipe -ffast-math -Wall -Wno-sign-compare -Wno-unused-parameter -Wno-pointer-sign -Wno-switch -fno-strict-aliasing -DHAVE_SETRLIMIT -DHAVE_STRNLEN -Wno-unused -Wno-parentheses -DHAVE_MONOTONIC_CLOCK  -I../common -I/usr/include -I/usr/include/mysql  -L/usr/lib -rdynamic -L/usr/lib/mysql -lmysqlclient -lz -lcrypt -lnsl -lm -L/usr/lib -lssl -lcrypto conftest.c -lmysqlclient  -lrt -lm -lz  >&5
configure:5168: $? = 0
configure:5172: test -z 
			 || test ! -s conftest.err
configure:5175: $? = 0
configure:5178: test -s conftest
configure:5181: $? = 0
configure:5194: result: yes
configure:5210: checking mysql.h usability
configure:5222: gcc -c -g -O2 -pipe -ffast-math -Wall -Wno-sign-compare -Wno-unused-parameter -Wno-pointer-sign -Wno-switch -fno-strict-aliasing -DHAVE_SETRLIMIT -DHAVE_STRNLEN -Wno-unused -Wno-parentheses -DHAVE_MONOTONIC_CLOCK  -I../common -I/usr/include -I/usr/include/mysql conftest.c >&5
configure:5228: $? = 0
configure:5232: test -z 
			 || test ! -s conftest.err
configure:5235: $? = 0
configure:5238: test -s conftest.o
configure:5241: $? = 0
configure:5251: result: yes
configure:5255: checking mysql.h presence
configure:5265: gcc -E  -I../common -I/usr/include -I/usr/include/mysql conftest.c
configure:5271: $? = 0
configure:5291: result: yes
configure:5326: checking for mysql.h
configure:5333: result: yes
configure:5347: checking MySQL library (optional)
configure:5350: result: yes (5.0.95)
configure:5387: checking for pcre_study in -lpcre
configure:5417: gcc -o conftest -g -O2 -pipe -ffast-math -Wall -Wno-sign-compare -Wno-unused-parameter -Wno-pointer-sign -Wno-switch -fno-strict-aliasing -DHAVE_SETRLIMIT -DHAVE_STRNLEN -Wno-unused -Wno-parentheses -DHAVE_MONOTONIC_CLOCK  -I../common -I/usr/include  -L/usr/lib conftest.c -lpcre  -lrt -lm -lz  >&5
configure:5423: $? = 0
configure:5427: test -z 
			 || test ! -s conftest.err
configure:5430: $? = 0
configure:5433: test -s conftest
configure:5436: $? = 0
configure:5449: result: yes
configure:5536: checking PCRE library (optional)
configure:5539: result: yes
configure:5563: checking host OS
configure:5566: result: Linux
configure:5591: checking for MinGW
configure:5602: result: no
configure:5735: creating ./config.status

## ---------------------- ##
## Running config.status. ##
## ---------------------- ##

This file was extended by config.status, which was
generated by GNU Autoconf 2.59.  Invocation command line was

  CONFIG_FILES    = 
  CONFIG_HEADERS  = 
  CONFIG_LINKS    = 
  CONFIG_COMMANDS = 
  $ ./config.status 

on goodgamers-ro.com

config.status:653: creating Makefile
config.status:653: creating src/common/Makefile
config.status:653: creating 3rdparty/mt19937ar/Makefile
config.status:653: creating src/char/Makefile
config.status:653: creating src/login/Makefile
config.status:653: creating src/char_sql/Makefile
config.status:653: creating src/txt-converter/Makefile
config.status:653: creating src/map/Makefile
config.status:653: creating src/plugins/Makefile
config.status:653: creating src/tool/Makefile

## ---------------- ##
## Cache variables. ##
## ---------------- ##

ac_cv_c_bigendian=no
ac_cv_c_compiler_gnu=yes
ac_cv_env_CC_set=
ac_cv_env_CC_value=
ac_cv_env_CFLAGS_set=
ac_cv_env_CFLAGS_value=
ac_cv_env_CPPFLAGS_set=
ac_cv_env_CPPFLAGS_value=
ac_cv_env_CPP_set=
ac_cv_env_CPP_value=
ac_cv_env_LDFLAGS_set=
ac_cv_env_LDFLAGS_value=
ac_cv_env_build_alias_set=
ac_cv_env_build_alias_value=
ac_cv_env_host_alias_set=
ac_cv_env_host_alias_value=
ac_cv_env_target_alias_set=
ac_cv_env_target_alias_value=
ac_cv_exeext=
ac_cv_func_setrlimit=yes
ac_cv_func_strnlen=yes
ac_cv_header_mysql_h=yes
ac_cv_header_zlib_h=yes
ac_cv_lib_mysqlclient_mysql_init=yes
ac_cv_lib_pcre_pcre_study=yes
ac_cv_lib_z_inflateEnd=yes
ac_cv_objext=o
ac_cv_path_MYSQL_CONFIG_HOME=/usr/bin/mysql_config
ac_cv_prog_CPP='gcc -E'
ac_cv_prog_ac_ct_CC=gcc
ac_cv_prog_cc_g=yes
ac_cv_prog_cc_stdc=
ac_cv_prog_make_make_set=yes
ac_cv_search_clock_gettime=-lrt
ac_cv_search_sqrt=-lm

## ----------------- ##
## Output variables. ##
## ----------------- ##

CC='gcc'
CFLAGS='-g -O2 -pipe -ffast-math -Wall -Wno-sign-compare -Wno-unused-parameter -Wno-pointer-sign -Wno-switch -fno-strict-aliasing -DHAVE_SETRLIMIT -DHAVE_STRNLEN -Wno-unused -Wno-parentheses -DHAVE_MONOTONIC_CLOCK'
CPP='gcc -E'
CPPFLAGS=' -I../common -I/usr/include'
DEFS='-DPACKAGE_NAME=\"\" -DPACKAGE_TARNAME=\"\" -DPACKAGE_VERSION=\"\" -DPACKAGE_STRING=\"\" -DPACKAGE_BUGREPORT=\"\" -DHAVE_LIBZ=1 '
DLLEXT='.so'
ECHO_C=''
ECHO_N='-n'
ECHO_T=''
EGREP=''
EXEEXT=''
HAVE_MYSQL='yes'
HAVE_PCRE='yes'
LDFLAGS=' -L/usr/lib'
LIBOBJS=''
LIBS='-lrt -lm -lz  -ldl'
LTLIBOBJS=''
MYSQL_CFLAGS='-I/usr/include/mysql'
MYSQL_CONFIG_HOME='/usr/bin/mysql_config'
MYSQL_LIBS='-rdynamic -L/usr/lib/mysql -lmysqlclient -lz -lcrypt -lnsl -lm -L/usr/lib -lssl -lcrypto'
MYSQL_VERSION='5.0.95'
OBJEXT='o'
PACKAGE_BUGREPORT=''
PACKAGE_NAME=''
PACKAGE_STRING=''
PACKAGE_TARNAME=''
PACKAGE_VERSION=''
PATH_SEPARATOR=':'
PCRE_CFLAGS=''
PCRE_LIBS='-lpcre'
SET_MAKE=''
SHELL='/bin/sh'
WITH_PLUGINS='yes'
ac_ct_CC='gcc'
bindir='${exec_prefix}/bin'
build_alias=''
datadir='${prefix}/share'
exec_prefix='${prefix}'
host_alias=''
includedir='${prefix}/include'
infodir='${prefix}/info'
libdir='${exec_prefix}/lib'
libexecdir='${exec_prefix}/libexec'
localstatedir='${prefix}/var'
mandir='${prefix}/man'
oldincludedir='/usr/include'
prefix='/usr/local'
program_transform_name='s,x,x,'
sbindir='${exec_prefix}/sbin'
sharedstatedir='${prefix}/com'
sysconfdir='${prefix}/etc'
target_alias=''

## ----------- ##
## confdefs.h. ##
## ----------- ##

#define HAVE_LIBZ 1
#define PACKAGE_BUGREPORT ""
#define PACKAGE_NAME ""
#define PACKAGE_STRING ""
#define PACKAGE_TARNAME ""
#define PACKAGE_VERSION ""

configure: exit 0
